{"/Users/nkm/cs242/FinalProjectOuter/FinalProject/app/src/actions/actionTypes.js": {"path":"/Users/nkm/cs242/FinalProjectOuter/FinalProject/app/src/actions/actionTypes.js","statementMap":{"0":{"start":{"line":1,"column":34},"end":{"line":12,"column":1}},"1":{"start":{"line":14,"column":30},"end":{"line":18,"column":1}},"2":{"start":{"line":20,"column":31},"end":{"line":23,"column":1}},"3":{"start":{"line":25,"column":33},"end":{"line":27,"column":1}}},"fnMap":{},"branchMap":{},"s":{"0":1,"1":1,"2":1,"3":1},"f":{},"b":{},"_coverageSchema":"332fd63041d2c1bcb487cc26dd0d5f7d97098a6c","hash":"fdcc951c1584fd42645417122e1918958830ae80"}
,"/Users/nkm/cs242/FinalProjectOuter/FinalProject/app/src/actions/apiActions.js": {"path":"/Users/nkm/cs242/FinalProjectOuter/FinalProject/app/src/actions/apiActions.js","statementMap":{"0":{"start":{"line":3,"column":24},"end":{"line":3,"column":26}},"1":{"start":{"line":4,"column":33},"end":{"line":4,"column":35}},"2":{"start":{"line":8,"column":4},"end":{"line":8,"column":29}},"3":{"start":{"line":12,"column":4},"end":{"line":14,"column":5}},"4":{"start":{"line":13,"column":8},"end":{"line":13,"column":18}},"5":{"start":{"line":15,"column":15},"end":{"line":15,"column":34}},"6":{"start":{"line":16,"column":22},"end":{"line":16,"column":25}},"7":{"start":{"line":17,"column":4},"end":{"line":17,"column":55}},"8":{"start":{"line":18,"column":4},"end":{"line":18,"column":25}},"9":{"start":{"line":19,"column":4},"end":{"line":21,"column":7}},"10":{"start":{"line":20,"column":8},"end":{"line":20,"column":61}},"11":{"start":{"line":22,"column":4},"end":{"line":22,"column":23}},"12":{"start":{"line":26,"column":4},"end":{"line":26,"column":37}},"13":{"start":{"line":30,"column":4},"end":{"line":30,"column":17}},"14":{"start":{"line":31,"column":4},"end":{"line":33,"column":5}},"15":{"start":{"line":32,"column":8},"end":{"line":32,"column":62}},"16":{"start":{"line":34,"column":4},"end":{"line":34,"column":55}},"17":{"start":{"line":35,"column":4},"end":{"line":35,"column":19}},"18":{"start":{"line":38,"column":25},"end":{"line":40,"column":2}},"19":{"start":{"line":38,"column":32},"end":{"line":40,"column":1}},"20":{"start":{"line":42,"column":30},"end":{"line":45,"column":2}},"21":{"start":{"line":42,"column":42},"end":{"line":45,"column":1}},"22":{"start":{"line":47,"column":32},"end":{"line":49,"column":2}},"23":{"start":{"line":47,"column":39},"end":{"line":49,"column":1}},"24":{"start":{"line":51,"column":30},"end":{"line":79,"column":1}},"25":{"start":{"line":51,"column":84},"end":{"line":79,"column":1}},"26":{"start":{"line":52,"column":26},"end":{"line":52,"column":46}},"27":{"start":{"line":53,"column":22},"end":{"line":53,"column":37}},"28":{"start":{"line":54,"column":4},"end":{"line":54,"column":26}},"29":{"start":{"line":55,"column":4},"end":{"line":78,"column":14}},"30":{"start":{"line":60,"column":28},"end":{"line":60,"column":43}},"31":{"start":{"line":64,"column":20},"end":{"line":64,"column":49}},"32":{"start":{"line":65,"column":20},"end":{"line":65,"column":49}},"33":{"start":{"line":66,"column":20},"end":{"line":70,"column":21}},"34":{"start":{"line":67,"column":24},"end":{"line":69,"column":27}},"35":{"start":{"line":68,"column":28},"end":{"line":68,"column":49}},"36":{"start":{"line":75,"column":20},"end":{"line":75,"column":37}},"37":{"start":{"line":76,"column":20},"end":{"line":76,"column":52}},"38":{"start":{"line":81,"column":31},"end":{"line":109,"column":1}},"39":{"start":{"line":81,"column":85},"end":{"line":109,"column":1}},"40":{"start":{"line":82,"column":26},"end":{"line":82,"column":46}},"41":{"start":{"line":83,"column":22},"end":{"line":83,"column":37}},"42":{"start":{"line":84,"column":18},"end":{"line":86,"column":5}},"43":{"start":{"line":87,"column":4},"end":{"line":87,"column":26}},"44":{"start":{"line":88,"column":4},"end":{"line":108,"column":9}},"45":{"start":{"line":94,"column":24},"end":{"line":94,"column":39}},"46":{"start":{"line":97,"column":16},"end":{"line":97,"column":45}},"47":{"start":{"line":98,"column":16},"end":{"line":98,"column":45}},"48":{"start":{"line":99,"column":16},"end":{"line":103,"column":17}},"49":{"start":{"line":100,"column":20},"end":{"line":102,"column":23}},"50":{"start":{"line":101,"column":24},"end":{"line":101,"column":45}},"51":{"start":{"line":107,"column":21},"end":{"line":107,"column":39}},"52":{"start":{"line":111,"column":30},"end":{"line":137,"column":1}},"53":{"start":{"line":111,"column":84},"end":{"line":137,"column":1}},"54":{"start":{"line":112,"column":26},"end":{"line":112,"column":46}},"55":{"start":{"line":113,"column":22},"end":{"line":113,"column":37}},"56":{"start":{"line":114,"column":23},"end":{"line":116,"column":5}},"57":{"start":{"line":117,"column":4},"end":{"line":117,"column":26}},"58":{"start":{"line":118,"column":4},"end":{"line":136,"column":9}},"59":{"start":{"line":125,"column":16},"end":{"line":125,"column":45}},"60":{"start":{"line":126,"column":16},"end":{"line":126,"column":49}},"61":{"start":{"line":127,"column":16},"end":{"line":131,"column":17}},"62":{"start":{"line":128,"column":20},"end":{"line":130,"column":23}},"63":{"start":{"line":129,"column":24},"end":{"line":129,"column":45}},"64":{"start":{"line":135,"column":21},"end":{"line":135,"column":52}},"65":{"start":{"line":139,"column":33},"end":{"line":165,"column":1}},"66":{"start":{"line":139,"column":87},"end":{"line":165,"column":1}},"67":{"start":{"line":140,"column":26},"end":{"line":140,"column":46}},"68":{"start":{"line":141,"column":22},"end":{"line":141,"column":37}},"69":{"start":{"line":142,"column":23},"end":{"line":144,"column":5}},"70":{"start":{"line":145,"column":4},"end":{"line":145,"column":26}},"71":{"start":{"line":146,"column":4},"end":{"line":164,"column":9}},"72":{"start":{"line":153,"column":16},"end":{"line":153,"column":45}},"73":{"start":{"line":154,"column":16},"end":{"line":154,"column":49}},"74":{"start":{"line":155,"column":16},"end":{"line":159,"column":17}},"75":{"start":{"line":156,"column":20},"end":{"line":158,"column":23}},"76":{"start":{"line":157,"column":24},"end":{"line":157,"column":45}},"77":{"start":{"line":163,"column":21},"end":{"line":163,"column":39}},"78":{"start":{"line":167,"column":27},"end":{"line":189,"column":1}},"79":{"start":{"line":167,"column":81},"end":{"line":189,"column":1}},"80":{"start":{"line":168,"column":26},"end":{"line":168,"column":46}},"81":{"start":{"line":169,"column":22},"end":{"line":169,"column":37}},"82":{"start":{"line":170,"column":4},"end":{"line":170,"column":26}},"83":{"start":{"line":171,"column":4},"end":{"line":188,"column":9}},"84":{"start":{"line":177,"column":16},"end":{"line":177,"column":45}},"85":{"start":{"line":178,"column":16},"end":{"line":178,"column":49}},"86":{"start":{"line":179,"column":16},"end":{"line":183,"column":17}},"87":{"start":{"line":180,"column":20},"end":{"line":182,"column":23}},"88":{"start":{"line":181,"column":24},"end":{"line":181,"column":45}},"89":{"start":{"line":187,"column":21},"end":{"line":187,"column":39}}},"fnMap":{"0":{"name":"makeParam","decl":{"start":{"line":7,"column":9},"end":{"line":7,"column":18}},"loc":{"start":{"line":7,"column":31},"end":{"line":9,"column":1}},"line":7},"1":{"name":"formatParams","decl":{"start":{"line":11,"column":9},"end":{"line":11,"column":21}},"loc":{"start":{"line":11,"column":30},"end":{"line":23,"column":1}},"line":11},"2":{"name":"(anonymous_2)","decl":{"start":{"line":19,"column":18},"end":{"line":19,"column":19}},"loc":{"start":{"line":19,"column":29},"end":{"line":21,"column":5}},"line":19},"3":{"name":"makeUrl","decl":{"start":{"line":25,"column":16},"end":{"line":25,"column":23}},"loc":{"start":{"line":25,"column":39},"end":{"line":27,"column":1}},"line":25},"4":{"name":"formatHeaders","decl":{"start":{"line":29,"column":9},"end":{"line":29,"column":22}},"loc":{"start":{"line":29,"column":51},"end":{"line":36,"column":1}},"line":29},"5":{"name":"(anonymous_5)","decl":{"start":{"line":38,"column":25},"end":{"line":38,"column":26}},"loc":{"start":{"line":38,"column":32},"end":{"line":40,"column":1}},"line":38},"6":{"name":"(anonymous_6)","decl":{"start":{"line":42,"column":30},"end":{"line":42,"column":31}},"loc":{"start":{"line":42,"column":42},"end":{"line":45,"column":1}},"line":42},"7":{"name":"(anonymous_7)","decl":{"start":{"line":47,"column":32},"end":{"line":47,"column":33}},"loc":{"start":{"line":47,"column":39},"end":{"line":49,"column":1}},"line":47},"8":{"name":"(anonymous_8)","decl":{"start":{"line":51,"column":30},"end":{"line":51,"column":31}},"loc":{"start":{"line":51,"column":84},"end":{"line":79,"column":1}},"line":51},"9":{"name":"(anonymous_9)","decl":{"start":{"line":51,"column":84},"end":{"line":51,"column":85}},"loc":{"start":{"line":51,"column":108},"end":{"line":79,"column":1}},"line":51},"10":{"name":"(anonymous_10)","decl":{"start":{"line":60,"column":16},"end":{"line":60,"column":17}},"loc":{"start":{"line":60,"column":28},"end":{"line":60,"column":43}},"line":60},"11":{"name":"(anonymous_11)","decl":{"start":{"line":63,"column":16},"end":{"line":63,"column":17}},"loc":{"start":{"line":63,"column":24},"end":{"line":71,"column":17}},"line":63},"12":{"name":"(anonymous_12)","decl":{"start":{"line":67,"column":48},"end":{"line":67,"column":49}},"loc":{"start":{"line":67,"column":62},"end":{"line":69,"column":25}},"line":67},"13":{"name":"(anonymous_13)","decl":{"start":{"line":74,"column":16},"end":{"line":74,"column":17}},"loc":{"start":{"line":74,"column":25},"end":{"line":77,"column":17}},"line":74},"14":{"name":"(anonymous_14)","decl":{"start":{"line":81,"column":31},"end":{"line":81,"column":32}},"loc":{"start":{"line":81,"column":85},"end":{"line":109,"column":1}},"line":81},"15":{"name":"(anonymous_15)","decl":{"start":{"line":81,"column":85},"end":{"line":81,"column":86}},"loc":{"start":{"line":81,"column":109},"end":{"line":109,"column":1}},"line":81},"16":{"name":"(anonymous_16)","decl":{"start":{"line":94,"column":12},"end":{"line":94,"column":13}},"loc":{"start":{"line":94,"column":24},"end":{"line":94,"column":39}},"line":94},"17":{"name":"(anonymous_17)","decl":{"start":{"line":96,"column":12},"end":{"line":96,"column":13}},"loc":{"start":{"line":96,"column":20},"end":{"line":104,"column":13}},"line":96},"18":{"name":"(anonymous_18)","decl":{"start":{"line":100,"column":44},"end":{"line":100,"column":45}},"loc":{"start":{"line":100,"column":58},"end":{"line":102,"column":21}},"line":100},"19":{"name":"(anonymous_19)","decl":{"start":{"line":107,"column":12},"end":{"line":107,"column":13}},"loc":{"start":{"line":107,"column":21},"end":{"line":107,"column":39}},"line":107},"20":{"name":"(anonymous_20)","decl":{"start":{"line":111,"column":30},"end":{"line":111,"column":31}},"loc":{"start":{"line":111,"column":84},"end":{"line":137,"column":1}},"line":111},"21":{"name":"(anonymous_21)","decl":{"start":{"line":111,"column":84},"end":{"line":111,"column":85}},"loc":{"start":{"line":111,"column":108},"end":{"line":137,"column":1}},"line":111},"22":{"name":"(anonymous_22)","decl":{"start":{"line":124,"column":12},"end":{"line":124,"column":13}},"loc":{"start":{"line":124,"column":24},"end":{"line":132,"column":13}},"line":124},"23":{"name":"(anonymous_23)","decl":{"start":{"line":128,"column":44},"end":{"line":128,"column":45}},"loc":{"start":{"line":128,"column":58},"end":{"line":130,"column":21}},"line":128},"24":{"name":"(anonymous_24)","decl":{"start":{"line":135,"column":12},"end":{"line":135,"column":13}},"loc":{"start":{"line":135,"column":21},"end":{"line":135,"column":52}},"line":135},"25":{"name":"(anonymous_25)","decl":{"start":{"line":139,"column":33},"end":{"line":139,"column":34}},"loc":{"start":{"line":139,"column":87},"end":{"line":165,"column":1}},"line":139},"26":{"name":"(anonymous_26)","decl":{"start":{"line":139,"column":87},"end":{"line":139,"column":88}},"loc":{"start":{"line":139,"column":111},"end":{"line":165,"column":1}},"line":139},"27":{"name":"(anonymous_27)","decl":{"start":{"line":152,"column":12},"end":{"line":152,"column":13}},"loc":{"start":{"line":152,"column":24},"end":{"line":160,"column":13}},"line":152},"28":{"name":"(anonymous_28)","decl":{"start":{"line":156,"column":44},"end":{"line":156,"column":45}},"loc":{"start":{"line":156,"column":58},"end":{"line":158,"column":21}},"line":156},"29":{"name":"(anonymous_29)","decl":{"start":{"line":163,"column":12},"end":{"line":163,"column":13}},"loc":{"start":{"line":163,"column":21},"end":{"line":163,"column":39}},"line":163},"30":{"name":"(anonymous_30)","decl":{"start":{"line":167,"column":27},"end":{"line":167,"column":28}},"loc":{"start":{"line":167,"column":81},"end":{"line":189,"column":1}},"line":167},"31":{"name":"(anonymous_31)","decl":{"start":{"line":167,"column":81},"end":{"line":167,"column":82}},"loc":{"start":{"line":167,"column":105},"end":{"line":189,"column":1}},"line":167},"32":{"name":"(anonymous_32)","decl":{"start":{"line":176,"column":12},"end":{"line":176,"column":13}},"loc":{"start":{"line":176,"column":24},"end":{"line":184,"column":13}},"line":176},"33":{"name":"(anonymous_33)","decl":{"start":{"line":180,"column":44},"end":{"line":180,"column":45}},"loc":{"start":{"line":180,"column":58},"end":{"line":182,"column":21}},"line":180},"34":{"name":"(anonymous_34)","decl":{"start":{"line":187,"column":12},"end":{"line":187,"column":13}},"loc":{"start":{"line":187,"column":21},"end":{"line":187,"column":39}},"line":187}},"branchMap":{"0":{"loc":{"start":{"line":12,"column":4},"end":{"line":14,"column":5}},"type":"if","locations":[{"start":{"line":12,"column":4},"end":{"line":14,"column":5}},{"start":{"line":12,"column":4},"end":{"line":14,"column":5}}],"line":12},"1":{"loc":{"start":{"line":25,"column":29},"end":{"line":25,"column":38}},"type":"default-arg","locations":[{"start":{"line":25,"column":36},"end":{"line":25,"column":38}}],"line":25},"2":{"loc":{"start":{"line":29,"column":34},"end":{"line":29,"column":49}},"type":"default-arg","locations":[{"start":{"line":29,"column":47},"end":{"line":29,"column":49}}],"line":29},"3":{"loc":{"start":{"line":31,"column":4},"end":{"line":33,"column":5}},"type":"if","locations":[{"start":{"line":31,"column":4},"end":{"line":33,"column":5}},{"start":{"line":31,"column":4},"end":{"line":33,"column":5}}],"line":31},"4":{"loc":{"start":{"line":51,"column":50},"end":{"line":51,"column":68}},"type":"default-arg","locations":[{"start":{"line":51,"column":66},"end":{"line":51,"column":68}}],"line":51},"5":{"loc":{"start":{"line":51,"column":70},"end":{"line":51,"column":79}},"type":"default-arg","locations":[{"start":{"line":51,"column":77},"end":{"line":51,"column":79}}],"line":51},"6":{"loc":{"start":{"line":66,"column":20},"end":{"line":70,"column":21}},"type":"if","locations":[{"start":{"line":66,"column":20},"end":{"line":70,"column":21}},{"start":{"line":66,"column":20},"end":{"line":70,"column":21}}],"line":66},"7":{"loc":{"start":{"line":81,"column":51},"end":{"line":81,"column":69}},"type":"default-arg","locations":[{"start":{"line":81,"column":67},"end":{"line":81,"column":69}}],"line":81},"8":{"loc":{"start":{"line":81,"column":71},"end":{"line":81,"column":80}},"type":"default-arg","locations":[{"start":{"line":81,"column":78},"end":{"line":81,"column":80}}],"line":81},"9":{"loc":{"start":{"line":99,"column":16},"end":{"line":103,"column":17}},"type":"if","locations":[{"start":{"line":99,"column":16},"end":{"line":103,"column":17}},{"start":{"line":99,"column":16},"end":{"line":103,"column":17}}],"line":99},"10":{"loc":{"start":{"line":111,"column":50},"end":{"line":111,"column":68}},"type":"default-arg","locations":[{"start":{"line":111,"column":66},"end":{"line":111,"column":68}}],"line":111},"11":{"loc":{"start":{"line":111,"column":70},"end":{"line":111,"column":79}},"type":"default-arg","locations":[{"start":{"line":111,"column":77},"end":{"line":111,"column":79}}],"line":111},"12":{"loc":{"start":{"line":127,"column":16},"end":{"line":131,"column":17}},"type":"if","locations":[{"start":{"line":127,"column":16},"end":{"line":131,"column":17}},{"start":{"line":127,"column":16},"end":{"line":131,"column":17}}],"line":127},"13":{"loc":{"start":{"line":139,"column":53},"end":{"line":139,"column":71}},"type":"default-arg","locations":[{"start":{"line":139,"column":69},"end":{"line":139,"column":71}}],"line":139},"14":{"loc":{"start":{"line":139,"column":73},"end":{"line":139,"column":82}},"type":"default-arg","locations":[{"start":{"line":139,"column":80},"end":{"line":139,"column":82}}],"line":139},"15":{"loc":{"start":{"line":155,"column":16},"end":{"line":159,"column":17}},"type":"if","locations":[{"start":{"line":155,"column":16},"end":{"line":159,"column":17}},{"start":{"line":155,"column":16},"end":{"line":159,"column":17}}],"line":155},"16":{"loc":{"start":{"line":167,"column":47},"end":{"line":167,"column":65}},"type":"default-arg","locations":[{"start":{"line":167,"column":63},"end":{"line":167,"column":65}}],"line":167},"17":{"loc":{"start":{"line":167,"column":67},"end":{"line":167,"column":76}},"type":"default-arg","locations":[{"start":{"line":167,"column":74},"end":{"line":167,"column":76}}],"line":167},"18":{"loc":{"start":{"line":179,"column":16},"end":{"line":183,"column":17}},"type":"if","locations":[{"start":{"line":179,"column":16},"end":{"line":183,"column":17}},{"start":{"line":179,"column":16},"end":{"line":183,"column":17}}],"line":179}},"s":{"0":1,"1":1,"2":2,"3":1,"4":0,"5":1,"6":1,"7":1,"8":1,"9":1,"10":1,"11":1,"12":1,"13":0,"14":0,"15":0,"16":0,"17":0,"18":1,"19":1,"20":1,"21":1,"22":1,"23":1,"24":1,"25":0,"26":0,"27":0,"28":0,"29":0,"30":0,"31":0,"32":0,"33":0,"34":0,"35":0,"36":0,"37":0,"38":1,"39":0,"40":0,"41":0,"42":0,"43":0,"44":0,"45":0,"46":0,"47":0,"48":0,"49":0,"50":0,"51":0,"52":1,"53":0,"54":0,"55":0,"56":0,"57":0,"58":0,"59":0,"60":0,"61":0,"62":0,"63":0,"64":0,"65":1,"66":0,"67":0,"68":0,"69":0,"70":0,"71":0,"72":0,"73":0,"74":0,"75":0,"76":0,"77":0,"78":1,"79":0,"80":0,"81":0,"82":0,"83":0,"84":0,"85":0,"86":0,"87":0,"88":0,"89":0},"f":{"0":2,"1":1,"2":1,"3":1,"4":0,"5":1,"6":1,"7":1,"8":0,"9":0,"10":0,"11":0,"12":0,"13":0,"14":0,"15":0,"16":0,"17":0,"18":0,"19":0,"20":0,"21":0,"22":0,"23":0,"24":0,"25":0,"26":0,"27":0,"28":0,"29":0,"30":0,"31":0,"32":0,"33":0,"34":0},"b":{"0":[0,1],"1":[0],"2":[0],"3":[0,0],"4":[0],"5":[0],"6":[0,0],"7":[0],"8":[0],"9":[0,0],"10":[0],"11":[0],"12":[0,0],"13":[0],"14":[0],"15":[0,0],"16":[0],"17":[0],"18":[0,0]},"_coverageSchema":"332fd63041d2c1bcb487cc26dd0d5f7d97098a6c","hash":"3f422a00bb315bebf76935ca35d7defeb718b213"}
,"/Users/nkm/cs242/FinalProjectOuter/FinalProject/app/src/components/LargeHeaderPage/PageComponent.js": {"path":"/Users/nkm/cs242/FinalProjectOuter/FinalProject/app/src/components/LargeHeaderPage/PageComponent.js","statementMap":{"0":{"start":{"line":13,"column":22},"end":{"line":32,"column":1}},"1":{"start":{"line":15,"column":19},"end":{"line":20,"column":5}},"2":{"start":{"line":23,"column":4},"end":{"line":31,"column":6}},"3":{"start":{"line":34,"column":0},"end":{"line":39,"column":2}}},"fnMap":{"0":{"name":"(anonymous_0)","decl":{"start":{"line":13,"column":22},"end":{"line":13,"column":23}},"loc":{"start":{"line":13,"column":70},"end":{"line":32,"column":1}},"line":13}},"branchMap":{},"s":{"0":1,"1":1,"2":1,"3":1},"f":{"0":1},"b":{},"_coverageSchema":"332fd63041d2c1bcb487cc26dd0d5f7d97098a6c","hash":"183caccae934a396d238b2ceabc7c9373a19c2b4"}
,"/Users/nkm/cs242/FinalProjectOuter/FinalProject/app/src/components/LargeHeaderPage/body/BodyComponent.js": {"path":"/Users/nkm/cs242/FinalProjectOuter/FinalProject/app/src/components/LargeHeaderPage/body/BodyComponent.js","statementMap":{"0":{"start":{"line":8,"column":22},"end":{"line":16,"column":1}},"1":{"start":{"line":9,"column":30},"end":{"line":9,"column":54}},"2":{"start":{"line":11,"column":4},"end":{"line":15,"column":6}},"3":{"start":{"line":18,"column":0},"end":{"line":19,"column":2}}},"fnMap":{"0":{"name":"(anonymous_0)","decl":{"start":{"line":8,"column":22},"end":{"line":8,"column":23}},"loc":{"start":{"line":8,"column":37},"end":{"line":16,"column":1}},"line":8}},"branchMap":{},"s":{"0":1,"1":1,"2":1,"3":1},"f":{"0":1},"b":{},"_coverageSchema":"332fd63041d2c1bcb487cc26dd0d5f7d97098a6c","hash":"47dac4c2b1842390c314699eba4a3afde8f91983"}
,"/Users/nkm/cs242/FinalProjectOuter/FinalProject/app/src/components/LargeHeaderPage/header/AdditionalInfoComponent.js": {"path":"/Users/nkm/cs242/FinalProjectOuter/FinalProject/app/src/components/LargeHeaderPage/header/AdditionalInfoComponent.js","statementMap":{"0":{"start":{"line":16,"column":8},"end":{"line":16,"column":21}},"1":{"start":{"line":19,"column":30},"end":{"line":21,"column":5}},"2":{"start":{"line":20,"column":8},"end":{"line":20,"column":37}},"3":{"start":{"line":23,"column":31},"end":{"line":25,"column":5}},"4":{"start":{"line":24,"column":8},"end":{"line":24,"column":97}},"5":{"start":{"line":29,"column":19},"end":{"line":29,"column":44}},"6":{"start":{"line":30,"column":18},"end":{"line":30,"column":53}},"7":{"start":{"line":31,"column":8},"end":{"line":31,"column":67}},"8":{"start":{"line":38,"column":12},"end":{"line":38,"column":22}},"9":{"start":{"line":39,"column":29},"end":{"line":39,"column":31}},"10":{"start":{"line":40,"column":8},"end":{"line":42,"column":9}},"11":{"start":{"line":41,"column":12},"end":{"line":41,"column":63}},"12":{"start":{"line":44,"column":8},"end":{"line":94,"column":10}}},"fnMap":{"0":{"name":"(anonymous_0)","decl":{"start":{"line":15,"column":4},"end":{"line":15,"column":5}},"loc":{"start":{"line":15,"column":23},"end":{"line":17,"column":5}},"line":15},"1":{"name":"(anonymous_1)","decl":{"start":{"line":19,"column":13},"end":{"line":19,"column":14}},"loc":{"start":{"line":19,"column":30},"end":{"line":21,"column":5}},"line":19},"2":{"name":"(anonymous_2)","decl":{"start":{"line":19,"column":30},"end":{"line":19,"column":31}},"loc":{"start":{"line":19,"column":37},"end":{"line":21,"column":5}},"line":19},"3":{"name":"(anonymous_3)","decl":{"start":{"line":23,"column":17},"end":{"line":23,"column":18}},"loc":{"start":{"line":23,"column":31},"end":{"line":25,"column":5}},"line":23},"4":{"name":"(anonymous_4)","decl":{"start":{"line":23,"column":31},"end":{"line":23,"column":32}},"loc":{"start":{"line":23,"column":38},"end":{"line":25,"column":5}},"line":23},"5":{"name":"(anonymous_5)","decl":{"start":{"line":28,"column":4},"end":{"line":28,"column":5}},"loc":{"start":{"line":28,"column":25},"end":{"line":32,"column":5}},"line":28},"6":{"name":"(anonymous_6)","decl":{"start":{"line":34,"column":4},"end":{"line":34,"column":5}},"loc":{"start":{"line":34,"column":13},"end":{"line":95,"column":5}},"line":34}},"branchMap":{"0":{"loc":{"start":{"line":31,"column":15},"end":{"line":31,"column":66}},"type":"cond-expr","locations":[{"start":{"line":31,"column":22},"end":{"line":31,"column":26}},{"start":{"line":31,"column":29},"end":{"line":31,"column":66}}],"line":31},"1":{"loc":{"start":{"line":36,"column":12},"end":{"line":36,"column":23}},"type":"default-arg","locations":[{"start":{"line":36,"column":21},"end":{"line":36,"column":23}}],"line":36},"2":{"loc":{"start":{"line":37,"column":12},"end":{"line":37,"column":24}},"type":"default-arg","locations":[{"start":{"line":37,"column":22},"end":{"line":37,"column":24}}],"line":37},"3":{"loc":{"start":{"line":40,"column":8},"end":{"line":42,"column":9}},"type":"if","locations":[{"start":{"line":40,"column":8},"end":{"line":42,"column":9}},{"start":{"line":40,"column":8},"end":{"line":42,"column":9}}],"line":40},"4":{"loc":{"start":{"line":46,"column":17},"end":{"line":69,"column":41}},"type":"cond-expr","locations":[{"start":{"line":47,"column":16},"end":{"line":69,"column":35}},{"start":{"line":69,"column":37},"end":{"line":69,"column":41}}],"line":46},"5":{"loc":{"start":{"line":70,"column":17},"end":{"line":92,"column":42}},"type":"cond-expr","locations":[{"start":{"line":71,"column":16},"end":{"line":92,"column":35}},{"start":{"line":92,"column":38},"end":{"line":92,"column":42}}],"line":70}},"s":{"0":4,"1":3,"2":0,"3":3,"4":0,"5":3,"6":3,"7":3,"8":4,"9":4,"10":4,"11":3,"12":4},"f":{"0":4,"1":3,"2":0,"3":3,"4":0,"5":3,"6":4},"b":{"0":[0,3],"1":[1],"2":[1],"3":[3,1],"4":[3,1],"5":[3,1]},"_coverageSchema":"332fd63041d2c1bcb487cc26dd0d5f7d97098a6c","hash":"da5f60ff5a59cc52d880b9b231be9dd192b5bcaf"}
,"/Users/nkm/cs242/FinalProjectOuter/FinalProject/app/src/components/LargeHeaderPage/header/HeaderComponent.js": {"path":"/Users/nkm/cs242/FinalProjectOuter/FinalProject/app/src/components/LargeHeaderPage/header/HeaderComponent.js","statementMap":{"0":{"start":{"line":12,"column":24},"end":{"line":28,"column":1}},"1":{"start":{"line":13,"column":30},"end":{"line":13,"column":54}},"2":{"start":{"line":15,"column":4},"end":{"line":27,"column":6}},"3":{"start":{"line":30,"column":0},"end":{"line":38,"column":2}}},"fnMap":{"0":{"name":"(anonymous_0)","decl":{"start":{"line":12,"column":24},"end":{"line":12,"column":25}},"loc":{"start":{"line":12,"column":57},"end":{"line":28,"column":1}},"line":12}},"branchMap":{"0":{"loc":{"start":{"line":25,"column":13},"end":{"line":25,"column":103}},"type":"cond-expr","locations":[{"start":{"line":25,"column":37},"end":{"line":25,"column":96}},{"start":{"line":25,"column":99},"end":{"line":25,"column":103}}],"line":25},"1":{"loc":{"start":{"line":25,"column":13},"end":{"line":25,"column":34}},"type":"binary-expr","locations":[{"start":{"line":25,"column":13},"end":{"line":25,"column":22}},{"start":{"line":25,"column":26},"end":{"line":25,"column":34}}],"line":25}},"s":{"0":2,"1":5,"2":5,"3":2},"f":{"0":5},"b":{"0":[4,1],"1":[5,2]},"_coverageSchema":"332fd63041d2c1bcb487cc26dd0d5f7d97098a6c","hash":"a4a73f3df54d657561850d26aee95538b6c4a4ad"}
,"/Users/nkm/cs242/FinalProjectOuter/FinalProject/app/src/components/NavigationBar/NavigationBarComponent.js": {"path":"/Users/nkm/cs242/FinalProjectOuter/FinalProject/app/src/components/NavigationBar/NavigationBarComponent.js","statementMap":{"0":{"start":{"line":12,"column":22},"end":{"line":39,"column":1}},"1":{"start":{"line":13,"column":30},"end":{"line":13,"column":54}},"2":{"start":{"line":15,"column":4},"end":{"line":37,"column":5}},"3":{"start":{"line":18,"column":50},"end":{"line":18,"column":76}}},"fnMap":{"0":{"name":"(anonymous_0)","decl":{"start":{"line":12,"column":22},"end":{"line":12,"column":23}},"loc":{"start":{"line":12,"column":33},"end":{"line":39,"column":1}},"line":12},"1":{"name":"(anonymous_1)","decl":{"start":{"line":18,"column":43},"end":{"line":18,"column":44}},"loc":{"start":{"line":18,"column":49},"end":{"line":18,"column":77}},"line":18}},"branchMap":{},"s":{"0":1,"1":1,"2":1,"3":0},"f":{"0":1,"1":0},"b":{},"_coverageSchema":"332fd63041d2c1bcb487cc26dd0d5f7d97098a6c","hash":"1efd752633de68a72e889c45c9d87fd02dffeb64"}
,"/Users/nkm/cs242/FinalProjectOuter/FinalProject/app/src/components/general/avatar/AvatarComponent.js": {"path":"/Users/nkm/cs242/FinalProjectOuter/FinalProject/app/src/components/general/avatar/AvatarComponent.js","statementMap":{"0":{"start":{"line":6,"column":24},"end":{"line":48,"column":1}},"1":{"start":{"line":7,"column":16},"end":{"line":7,"column":17}},"2":{"start":{"line":8,"column":17},"end":{"line":8,"column":18}},"3":{"start":{"line":9,"column":4},"end":{"line":34,"column":5}},"4":{"start":{"line":11,"column":12},"end":{"line":11,"column":23}},"5":{"start":{"line":12,"column":12},"end":{"line":12,"column":24}},"6":{"start":{"line":13,"column":12},"end":{"line":13,"column":18}},"7":{"start":{"line":16,"column":12},"end":{"line":16,"column":23}},"8":{"start":{"line":17,"column":12},"end":{"line":17,"column":24}},"9":{"start":{"line":18,"column":12},"end":{"line":18,"column":18}},"10":{"start":{"line":21,"column":12},"end":{"line":21,"column":23}},"11":{"start":{"line":22,"column":12},"end":{"line":22,"column":24}},"12":{"start":{"line":23,"column":12},"end":{"line":23,"column":18}},"13":{"start":{"line":26,"column":12},"end":{"line":26,"column":24}},"14":{"start":{"line":27,"column":12},"end":{"line":27,"column":25}},"15":{"start":{"line":28,"column":12},"end":{"line":28,"column":18}},"16":{"start":{"line":31,"column":12},"end":{"line":31,"column":23}},"17":{"start":{"line":32,"column":12},"end":{"line":32,"column":24}},"18":{"start":{"line":36,"column":24},"end":{"line":40,"column":5}},"19":{"start":{"line":42,"column":4},"end":{"line":47,"column":6}}},"fnMap":{"0":{"name":"(anonymous_0)","decl":{"start":{"line":6,"column":24},"end":{"line":6,"column":25}},"loc":{"start":{"line":6,"column":50},"end":{"line":48,"column":1}},"line":6}},"branchMap":{"0":{"loc":{"start":{"line":9,"column":4},"end":{"line":34,"column":5}},"type":"switch","locations":[{"start":{"line":10,"column":8},"end":{"line":14,"column":9}},{"start":{"line":15,"column":8},"end":{"line":19,"column":9}},{"start":{"line":20,"column":8},"end":{"line":24,"column":9}},{"start":{"line":25,"column":8},"end":{"line":29,"column":9}},{"start":{"line":30,"column":8},"end":{"line":33,"column":9}}],"line":9}},"s":{"0":1,"1":5,"2":5,"3":5,"4":1,"5":1,"6":1,"7":1,"8":1,"9":1,"10":1,"11":1,"12":1,"13":1,"14":1,"15":1,"16":1,"17":1,"18":5,"19":5},"f":{"0":5},"b":{"0":[1,1,1,1,1]},"_coverageSchema":"332fd63041d2c1bcb487cc26dd0d5f7d97098a6c","hash":"88b0ec033cf78f025c8e8bd4d5fc64280ff8aedf"}
,"/Users/nkm/cs242/FinalProjectOuter/FinalProject/app/src/components/general/divider/DividerComponent.js": {"path":"/Users/nkm/cs242/FinalProjectOuter/FinalProject/app/src/components/general/divider/DividerComponent.js","statementMap":{"0":{"start":{"line":4,"column":13},"end":{"line":4,"column":15}},"1":{"start":{"line":6,"column":16},"end":{"line":7,"column":57}},"2":{"start":{"line":7,"column":6},"end":{"line":7,"column":57}},"3":{"start":{"line":9,"column":0},"end":{"line":14,"column":3}}},"fnMap":{"0":{"name":"(anonymous_0)","decl":{"start":{"line":6,"column":16},"end":{"line":6,"column":17}},"loc":{"start":{"line":7,"column":6},"end":{"line":7,"column":57}},"line":7}},"branchMap":{"0":{"loc":{"start":{"line":7,"column":38},"end":{"line":7,"column":52}},"type":"binary-expr","locations":[{"start":{"line":7,"column":38},"end":{"line":7,"column":43}},{"start":{"line":7,"column":47},"end":{"line":7,"column":52}}],"line":7}},"s":{"0":1,"1":1,"2":1,"3":1},"f":{"0":1},"b":{"0":[1,0]},"_coverageSchema":"332fd63041d2c1bcb487cc26dd0d5f7d97098a6c","hash":"1ba3e34ed678da95f244e274812f6240307e3995"}
,"/Users/nkm/cs242/FinalProjectOuter/FinalProject/app/src/components/general/text/TextComponent.js": {"path":"/Users/nkm/cs242/FinalProjectOuter/FinalProject/app/src/components/general/text/TextComponent.js","statementMap":{"0":{"start":{"line":7,"column":29},"end":{"line":13,"column":1}},"1":{"start":{"line":8,"column":4},"end":{"line":12,"column":5}}},"fnMap":{"0":{"name":"(anonymous_0)","decl":{"start":{"line":7,"column":29},"end":{"line":7,"column":30}},"loc":{"start":{"line":7,"column":40},"end":{"line":13,"column":1}},"line":7}},"branchMap":{},"s":{"0":3,"1":13},"f":{"0":13},"b":{},"_coverageSchema":"332fd63041d2c1bcb487cc26dd0d5f7d97098a6c","hash":"151378963f8654fb15143feb926edd5f1017bb73"}
,"/Users/nkm/cs242/FinalProjectOuter/FinalProject/app/src/components/general/text/TextStyle.js": {"path":"/Users/nkm/cs242/FinalProjectOuter/FinalProject/app/src/components/general/text/TextStyle.js","statementMap":{"0":{"start":{"line":6,"column":25},"end":{"line":13,"column":2}}},"fnMap":{},"branchMap":{},"s":{"0":3},"f":{},"b":{},"_coverageSchema":"332fd63041d2c1bcb487cc26dd0d5f7d97098a6c","hash":"704d2b9a1bfef697d8716a34c44411f228f77fc9"}
,"/Users/nkm/cs242/FinalProjectOuter/FinalProject/app/src/lib/ColorScheme.js": {"path":"/Users/nkm/cs242/FinalProjectOuter/FinalProject/app/src/lib/ColorScheme.js","statementMap":{"0":{"start":{"line":1,"column":23},"end":{"line":1,"column":38}},"1":{"start":{"line":2,"column":25},"end":{"line":2,"column":32}},"2":{"start":{"line":3,"column":22},"end":{"line":3,"column":30}},"3":{"start":{"line":4,"column":31},"end":{"line":4,"column":41}},"4":{"start":{"line":5,"column":25},"end":{"line":5,"column":32}},"5":{"start":{"line":7,"column":27},"end":{"line":13,"column":1}}},"fnMap":{},"branchMap":{},"s":{"0":2,"1":2,"2":2,"3":2,"4":2,"5":2},"f":{},"b":{},"_coverageSchema":"332fd63041d2c1bcb487cc26dd0d5f7d97098a6c","hash":"73a957ce8bd6c2ec2d2b3aaabfa425c30a1616a1"}
,"/Users/nkm/cs242/FinalProjectOuter/FinalProject/app/src/lib/LogoStyle.js": {"path":"/Users/nkm/cs242/FinalProjectOuter/FinalProject/app/src/lib/LogoStyle.js","statementMap":{"0":{"start":{"line":4,"column":25},"end":{"line":11,"column":2}}},"fnMap":{},"branchMap":{},"s":{"0":1},"f":{},"b":{},"_coverageSchema":"332fd63041d2c1bcb487cc26dd0d5f7d97098a6c","hash":"2ec029c65b53384dc0a834d31eebafdb88e3c69e"}
}
