TN:
SF:/Users/nkm/cs242/FinalProjectOuter/FinalProject/app/src/actions/actionTypes.js
FNF:0
FNH:0
DA:1,1
DA:14,1
DA:20,1
DA:25,1
LF:4
LH:4
BRF:0
BRH:0
end_of_record
TN:
SF:/Users/nkm/cs242/FinalProjectOuter/FinalProject/app/src/actions/apiActions.js
FN:7,makeParam
FN:11,formatParams
FN:19,(anonymous_2)
FN:25,makeUrl
FN:29,formatHeaders
FN:38,(anonymous_5)
FN:42,(anonymous_6)
FN:47,(anonymous_7)
FN:51,(anonymous_8)
FN:51,(anonymous_9)
FN:60,(anonymous_10)
FN:63,(anonymous_11)
FN:67,(anonymous_12)
FN:74,(anonymous_13)
FN:81,(anonymous_14)
FN:81,(anonymous_15)
FN:94,(anonymous_16)
FN:96,(anonymous_17)
FN:100,(anonymous_18)
FN:107,(anonymous_19)
FN:111,(anonymous_20)
FN:111,(anonymous_21)
FN:124,(anonymous_22)
FN:128,(anonymous_23)
FN:135,(anonymous_24)
FN:139,(anonymous_25)
FN:139,(anonymous_26)
FN:152,(anonymous_27)
FN:156,(anonymous_28)
FN:163,(anonymous_29)
FN:167,(anonymous_30)
FN:167,(anonymous_31)
FN:176,(anonymous_32)
FN:180,(anonymous_33)
FN:187,(anonymous_34)
FNF:35
FNH:7
FNDA:2,makeParam
FNDA:1,formatParams
FNDA:1,(anonymous_2)
FNDA:1,makeUrl
FNDA:0,formatHeaders
FNDA:1,(anonymous_5)
FNDA:1,(anonymous_6)
FNDA:1,(anonymous_7)
FNDA:0,(anonymous_8)
FNDA:0,(anonymous_9)
FNDA:0,(anonymous_10)
FNDA:0,(anonymous_11)
FNDA:0,(anonymous_12)
FNDA:0,(anonymous_13)
FNDA:0,(anonymous_14)
FNDA:0,(anonymous_15)
FNDA:0,(anonymous_16)
FNDA:0,(anonymous_17)
FNDA:0,(anonymous_18)
FNDA:0,(anonymous_19)
FNDA:0,(anonymous_20)
FNDA:0,(anonymous_21)
FNDA:0,(anonymous_22)
FNDA:0,(anonymous_23)
FNDA:0,(anonymous_24)
FNDA:0,(anonymous_25)
FNDA:0,(anonymous_26)
FNDA:0,(anonymous_27)
FNDA:0,(anonymous_28)
FNDA:0,(anonymous_29)
FNDA:0,(anonymous_30)
FNDA:0,(anonymous_31)
FNDA:0,(anonymous_32)
FNDA:0,(anonymous_33)
FNDA:0,(anonymous_34)
DA:3,1
DA:4,1
DA:8,2
DA:12,1
DA:13,0
DA:15,1
DA:16,1
DA:17,1
DA:18,1
DA:19,1
DA:20,1
DA:22,1
DA:26,1
DA:30,0
DA:31,0
DA:32,0
DA:34,0
DA:35,0
DA:38,1
DA:42,1
DA:47,1
DA:51,1
DA:52,0
DA:53,0
DA:54,0
DA:55,0
DA:60,0
DA:64,0
DA:65,0
DA:66,0
DA:67,0
DA:68,0
DA:75,0
DA:76,0
DA:81,1
DA:82,0
DA:83,0
DA:84,0
DA:87,0
DA:88,0
DA:94,0
DA:97,0
DA:98,0
DA:99,0
DA:100,0
DA:101,0
DA:107,0
DA:111,1
DA:112,0
DA:113,0
DA:114,0
DA:117,0
DA:118,0
DA:125,0
DA:126,0
DA:127,0
DA:128,0
DA:129,0
DA:135,0
DA:139,1
DA:140,0
DA:141,0
DA:142,0
DA:145,0
DA:146,0
DA:153,0
DA:154,0
DA:155,0
DA:156,0
DA:157,0
DA:163,0
DA:167,1
DA:168,0
DA:169,0
DA:170,0
DA:171,0
DA:177,0
DA:178,0
DA:179,0
DA:180,0
DA:181,0
DA:187,0
LF:82
LH:20
BRDA:12,0,0,0
BRDA:12,0,1,1
BRDA:25,1,0,0
BRDA:29,2,0,0
BRDA:31,3,0,0
BRDA:31,3,1,0
BRDA:51,4,0,0
BRDA:51,5,0,0
BRDA:66,6,0,0
BRDA:66,6,1,0
BRDA:81,7,0,0
BRDA:81,8,0,0
BRDA:99,9,0,0
BRDA:99,9,1,0
BRDA:111,10,0,0
BRDA:111,11,0,0
BRDA:127,12,0,0
BRDA:127,12,1,0
BRDA:139,13,0,0
BRDA:139,14,0,0
BRDA:155,15,0,0
BRDA:155,15,1,0
BRDA:167,16,0,0
BRDA:167,17,0,0
BRDA:179,18,0,0
BRDA:179,18,1,0
BRF:26
BRH:1
end_of_record
TN:
SF:/Users/nkm/cs242/FinalProjectOuter/FinalProject/app/src/components/LargeHeaderPage/PageComponent.js
FN:13,(anonymous_0)
FNF:1
FNH:1
FNDA:1,(anonymous_0)
DA:13,1
DA:15,1
DA:23,1
DA:34,1
LF:4
LH:4
BRF:0
BRH:0
end_of_record
TN:
SF:/Users/nkm/cs242/FinalProjectOuter/FinalProject/app/src/components/LargeHeaderPage/body/BodyComponent.js
FN:8,(anonymous_0)
FNF:1
FNH:1
FNDA:1,(anonymous_0)
DA:8,1
DA:9,1
DA:11,1
DA:18,1
LF:4
LH:4
BRF:0
BRH:0
end_of_record
TN:
SF:/Users/nkm/cs242/FinalProjectOuter/FinalProject/app/src/components/LargeHeaderPage/header/AdditionalInfoComponent.js
FN:15,(anonymous_0)
FN:19,(anonymous_1)
FN:19,(anonymous_2)
FN:23,(anonymous_3)
FN:23,(anonymous_4)
FN:28,(anonymous_5)
FN:34,(anonymous_6)
FNF:7
FNH:5
FNDA:4,(anonymous_0)
FNDA:3,(anonymous_1)
FNDA:0,(anonymous_2)
FNDA:3,(anonymous_3)
FNDA:0,(anonymous_4)
FNDA:3,(anonymous_5)
FNDA:4,(anonymous_6)
DA:16,4
DA:19,3
DA:20,0
DA:23,3
DA:24,0
DA:29,3
DA:30,3
DA:31,3
DA:38,4
DA:39,4
DA:40,4
DA:41,3
DA:44,4
LF:13
LH:11
BRDA:31,0,0,0
BRDA:31,0,1,3
BRDA:36,1,0,1
BRDA:37,2,0,1
BRDA:40,3,0,3
BRDA:40,3,1,1
BRDA:46,4,0,3
BRDA:46,4,1,1
BRDA:70,5,0,3
BRDA:70,5,1,1
BRF:10
BRH:9
end_of_record
TN:
SF:/Users/nkm/cs242/FinalProjectOuter/FinalProject/app/src/components/LargeHeaderPage/header/HeaderComponent.js
FN:12,(anonymous_0)
FNF:1
FNH:1
FNDA:5,(anonymous_0)
DA:12,2
DA:13,5
DA:15,5
DA:30,2
LF:4
LH:4
BRDA:25,0,0,4
BRDA:25,0,1,1
BRDA:25,1,0,5
BRDA:25,1,1,2
BRF:4
BRH:4
end_of_record
TN:
SF:/Users/nkm/cs242/FinalProjectOuter/FinalProject/app/src/components/NavigationBar/NavigationBarComponent.js
FN:12,(anonymous_0)
FN:18,(anonymous_1)
FNF:2
FNH:1
FNDA:1,(anonymous_0)
FNDA:0,(anonymous_1)
DA:12,1
DA:13,1
DA:15,1
DA:18,0
LF:4
LH:3
BRF:0
BRH:0
end_of_record
TN:
SF:/Users/nkm/cs242/FinalProjectOuter/FinalProject/app/src/components/general/avatar/AvatarComponent.js
FN:6,(anonymous_0)
FNF:1
FNH:1
FNDA:5,(anonymous_0)
DA:6,1
DA:7,5
DA:8,5
DA:9,5
DA:11,1
DA:12,1
DA:13,1
DA:16,1
DA:17,1
DA:18,1
DA:21,1
DA:22,1
DA:23,1
DA:26,1
DA:27,1
DA:28,1
DA:31,1
DA:32,1
DA:36,5
DA:42,5
LF:20
LH:20
BRDA:9,0,0,1
BRDA:9,0,1,1
BRDA:9,0,2,1
BRDA:9,0,3,1
BRDA:9,0,4,1
BRF:5
BRH:5
end_of_record
TN:
SF:/Users/nkm/cs242/FinalProjectOuter/FinalProject/app/src/components/general/divider/DividerComponent.js
FN:6,(anonymous_0)
FNF:1
FNH:1
FNDA:1,(anonymous_0)
DA:4,1
DA:6,1
DA:7,1
DA:9,1
LF:4
LH:4
BRDA:7,0,0,1
BRDA:7,0,1,0
BRF:2
BRH:1
end_of_record
TN:
SF:/Users/nkm/cs242/FinalProjectOuter/FinalProject/app/src/components/general/text/TextComponent.js
FN:7,(anonymous_0)
FNF:1
FNH:1
FNDA:13,(anonymous_0)
DA:7,3
DA:8,13
LF:2
LH:2
BRF:0
BRH:0
end_of_record
TN:
SF:/Users/nkm/cs242/FinalProjectOuter/FinalProject/app/src/components/general/text/TextStyle.js
FNF:0
FNH:0
DA:6,3
LF:1
LH:1
BRF:0
BRH:0
end_of_record
TN:
SF:/Users/nkm/cs242/FinalProjectOuter/FinalProject/app/src/lib/ColorScheme.js
FNF:0
FNH:0
DA:1,2
DA:2,2
DA:3,2
DA:4,2
DA:5,2
DA:7,2
LF:6
LH:6
BRF:0
BRH:0
end_of_record
TN:
SF:/Users/nkm/cs242/FinalProjectOuter/FinalProject/app/src/lib/LogoStyle.js
FNF:0
FNH:0
DA:4,1
LF:1
LH:1
BRF:0
BRH:0
end_of_record
